shopping_cart/app/build/intermediates/manifest_merge_blame_file/debug/manifest-merger-blame-debug-report.txt
1<?xml version="1.0" encoding="utf-8"?>
2<manifest xmlns:android="http://schemas.android.com/apk/res/android"
3    package="ipbeja.pdm1.shopping_cart"
4    android:versionCode="1"
5    android:versionName="1.0" >
6
7    <uses-sdk
8        android:minSdkVersion="21"
8-->src\main\AndroidManifest.xml
9        android:targetSdkVersion="32" />
9-->src\main\AndroidManifest.xml
10
11    <uses-permission android:name="android.permission.INTERNET" />
11-->src\main\AndroidManifest.xml:6:5-67
11-->src\main\AndroidManifest.xml:6:22-64
12
13    <application
13-->src\main\AndroidManifest.xml:8:5-24:19
14        android:allowBackup="true"
14-->src\main\AndroidManifest.xml:9:9-35
15        android:appComponentFactory="androidx.core.app.CoreComponentFactory"
15-->[androidx.core:core:1.7.0] AndroidManifest.xml:24:18-86
16        android:debuggable="true"
17        android:icon="@mipmap/ic_launcher"
17-->src\main\AndroidManifest.xml:10:9-43
18        android:label="@string/app_name"
18-->src\main\AndroidManifest.xml:11:9-41
19        android:roundIcon="@mipmap/ic_launcher_round"
19-->src\main\AndroidManifest.xml:12:9-54
20        android:supportsRtl="true"
20-->src\main\AndroidManifest.xml:13:9-35
21        android:testOnly="true"
22        android:theme="@style/Theme.Shopping_cart" >
22-->src\main\AndroidManifest.xml:14:9-51
23        <activity
23-->src\main\AndroidManifest.xml:15:9-23:20
24            android:name="ipbeja.pdm1.shopping_cart.view.MainActivity"
24-->src\main\AndroidManifest.xml:16:13-46
25            android:exported="true" >
25-->src\main\AndroidManifest.xml:17:13-36
26            <intent-filter>
26-->src\main\AndroidManifest.xml:18:13-22:29
27                <action android:name="android.intent.action.MAIN" />
27-->src\main\AndroidManifest.xml:19:17-69
27-->src\main\AndroidManifest.xml:19:25-66
28
29                <category android:name="android.intent.category.LAUNCHER" />
29-->src\main\AndroidManifest.xml:21:17-77
29-->src\main\AndroidManifest.xml:21:27-74
30            </intent-filter>
31        </activity>
32
33        <service
33-->[androidx.room:room-runtime:2.4.1] AndroidManifest.xml:25:9-28:40
34            android:name="androidx.room.MultiInstanceInvalidationService"
34-->[androidx.room:room-runtime:2.4.1] AndroidManifest.xml:26:13-74
35            android:directBootAware="true"
35-->[androidx.room:room-runtime:2.4.1] AndroidManifest.xml:27:13-43
36            android:exported="false" />
36-->[androidx.room:room-runtime:2.4.1] AndroidManifest.xml:28:13-37
37
38        <provider
38-->[androidx.emoji2:emoji2:1.0.0] AndroidManifest.xml:26:9-34:20
39            android:name="androidx.startup.InitializationProvider"
39-->[androidx.emoji2:emoji2:1.0.0] AndroidManifest.xml:27:13-67
40            android:authorities="ipbeja.pdm1.shopping_cart.androidx-startup"
40-->[androidx.emoji2:emoji2:1.0.0] AndroidManifest.xml:28:13-68
41            android:exported="false" >
41-->[androidx.emoji2:emoji2:1.0.0] AndroidManifest.xml:29:13-37
42            <meta-data
42-->[androidx.emoji2:emoji2:1.0.0] AndroidManifest.xml:31:13-33:52
43                android:name="androidx.emoji2.text.EmojiCompatInitializer"
43-->[androidx.emoji2:emoji2:1.0.0] AndroidManifest.xml:32:17-75
44                android:value="androidx.startup" />
44-->[androidx.emoji2:emoji2:1.0.0] AndroidManifest.xml:33:17-49
45            <meta-data
45-->[androidx.lifecycle:lifecycle-process:2.4.0] AndroidManifest.xml:31:13-33:52
46                android:name="androidx.lifecycle.ProcessLifecycleInitializer"
46-->[androidx.lifecycle:lifecycle-process:2.4.0] AndroidManifest.xml:32:17-78
47                android:value="androidx.startup" />
47-->[androidx.lifecycle:lifecycle-process:2.4.0] AndroidManifest.xml:33:17-49
48        </provider>
49
50        <uses-library
50-->[androidx.window:window:1.0.0] AndroidManifest.xml:25:9-27:40
51            android:name="androidx.window.extensions"
51-->[androidx.window:window:1.0.0] AndroidManifest.xml:26:13-54
52            android:required="false" />
52-->[androidx.window:window:1.0.0] AndroidManifest.xml:27:13-37
53        <uses-library
53-->[androidx.window:window:1.0.0] AndroidManifest.xml:28:9-30:40
54            android:name="androidx.window.sidecar"
54-->[androidx.window:window:1.0.0] AndroidManifest.xml:29:13-51
55            android:required="false" />
55-->[androidx.window:window:1.0.0] AndroidManifest.xml:30:13-37
56    </application>
57
58</manifest>